[debug] [2021-05-04T10:10:48.103Z] ----------------------------------------------------------------------
[debug] [2021-05-04T10:10:48.120Z] Command:       C:\Program Files\nodejs\node.exe C:\Users\pc 1\AppData\Roaming\npm\node_modules\firebase-tools\lib\bin\firebase.js init
[debug] [2021-05-04T10:10:48.122Z] CLI Version:   9.8.0
[debug] [2021-05-04T10:10:48.123Z] Platform:      win32
[debug] [2021-05-04T10:10:48.125Z] Node Version:  v14.16.0
[debug] [2021-05-04T10:10:48.135Z] Time:          Tue May 04 2021 12:10:48 GMT+0200 (Eastern European Standard Time)
[debug] [2021-05-04T10:10:48.136Z] ----------------------------------------------------------------------
[debug] 
[debug] [2021-05-04T10:10:48.154Z] >>> [apiv2][query] GET https://firebase-public.firebaseio.com/cli.json [none]
[debug] [2021-05-04T10:10:48.355Z] > command requires scopes: ["email","openid","https://www.googleapis.com/auth/cloudplatformprojects.readonly","https://www.googleapis.com/auth/firebase","https://www.googleapis.com/auth/cloud-platform"]
[debug] [2021-05-04T10:10:48.360Z] > authorizing via signed-in user
[info] 
     ######## #### ########  ######## ########     ###     ######  ########
     ##        ##  ##     ## ##       ##     ##  ##   ##  ##       ##
     ######    ##  ########  ######   ########  #########  ######  ######
     ##        ##  ##    ##  ##       ##     ## ##     ##       ## ##
     ##       #### ##     ## ######## ########  ##     ##  ######  ########

You're about to initialize a Firebase project in this directory:

  E:\free Work\Payment-System

Before we get started, keep in mind:

  * You are initializing in an existing Firebase project directory

[debug] [2021-05-04T10:10:49.330Z] <<< [apiv2][status] GET https://firebase-public.firebaseio.com/cli.json 200
[debug] [2021-05-04T10:10:49.331Z] <<< [apiv2][body] GET https://firebase-public.firebaseio.com/cli.json {"cloudBuildErrorAfter":1594252800000,"cloudBuildWarnAfter":1590019200000,"defaultNode10After":1594252800000,"minVersion":"3.0.5","node8DeploysDisabledAfter":1613390400000,"node8RuntimeDisabledAfter":1615809600000,"node8WarnAfter":1600128000000}
[info] 
=== Project Setup
[info] 
[info] First, let's associate this project directory with a Firebase project.
[info] You can create multiple project aliases by running firebase use --add, 
[info] but for now we'll just set up a default project.
[info] 
[info] i  .firebaserc already has a default project, using payment-system-82a40. 
[debug] [2021-05-04T10:11:03.985Z] > refreshing access token with scopes: []
[debug] [2021-05-04T10:11:03.988Z] >>> HTTP REQUEST POST https://www.googleapis.com/oauth2/v3/token  
 <request body omitted>
[debug] [2021-05-04T10:11:04.502Z] <<< HTTP RESPONSE 200 {"pragma":"no-cache","expires":"Mon, 01 Jan 1990 00:00:00 GMT","date":"Tue, 04 May 2021 10:11:05 GMT","cache-control":"no-cache, no-store, max-age=0, must-revalidate","content-type":"application/json; charset=utf-8","vary":"X-Origin, Referer, Origin,Accept-Encoding","server":"scaffolding on HTTPServer2","x-xss-protection":"0","x-frame-options":"SAMEORIGIN","x-content-type-options":"nosniff","alt-svc":"h3-29=\":443\"; ma=2592000,h3-T051=\":443\"; ma=2592000,h3-Q050=\":443\"; ma=2592000,h3-Q046=\":443\"; ma=2592000,h3-Q043=\":443\"; ma=2592000,quic=\":443\"; ma=2592000; v=\"46,43\"","accept-ranges":"none","transfer-encoding":"chunked"}
[debug] [2021-05-04T10:11:04.696Z] >>> [apiv2][query] GET https://firebase.googleapis.com/v1beta1/projects/payment-system-82a40 [none]
[debug] [2021-05-04T10:11:05.305Z] <<< [apiv2][status] GET https://firebase.googleapis.com/v1beta1/projects/payment-system-82a40 200
[debug] [2021-05-04T10:11:05.306Z] <<< [apiv2][body] GET https://firebase.googleapis.com/v1beta1/projects/payment-system-82a40 {"projectId":"payment-system-82a40","projectNumber":"26225464524","displayName":"payment-system","name":"projects/payment-system-82a40","resources":{"hostingSite":"payment-system-82a40","realtimeDatabaseInstance":"payment-system-82a40-default-rtdb","storageBucket":"payment-system-82a40.appspot.com","locationId":"europe-west6"},"state":"DELETED"}
[info] 
=== Hosting Setup
[info] 
[info] Your public directory is the folder (relative to your project directory) that
[info] will contain Hosting assets to be uploaded with firebase deploy. If you
[info] have a build process for your assets, use your build's output directory.
[info] 
